#
# There is insufficient memory for the Java Runtime Environment to continue.
# Native memory allocation (malloc) failed to allocate 879216 bytes. Error detail: Chunk::new
# Possible reasons:
#   The system is out of physical RAM or swap space
#   This process is running with CompressedOops enabled, and the Java Heap may be blocking the growth of the native heap
# Possible solutions:
#   Reduce memory load on the system
#   Increase physical memory or swap space
#   Check if swap backing store is full
#   Decrease Java heap size (-Xmx/-Xms)
#   Decrease number of Java threads
#   Decrease Java thread stack sizes (-Xss)
#   Set larger code cache with -XX:ReservedCodeCacheSize=
#   JVM is running with Unscaled Compressed Oops mode in which the Java heap is
#     placed in the first 4GB address space. The Java Heap base address is the
#     maximum limit for the native heap growth. Please use -XX:HeapBaseMinAddress
#     to set the Java Heap base and to place the Java Heap above 4GB virtual address.
# This output file may be truncated or incomplete.
#
#  Out of Memory Error (arena.cpp:149), pid=12664, tid=19180
#
# JRE version: Java(TM) SE Runtime Environment (23.0.2+7) (build 23.0.2+7-58)
# Java VM: Java HotSpot(TM) 64-Bit Server VM (23.0.2+7-58, mixed mode, sharing, tiered, compressed oops, compressed class ptrs, g1 gc, windows-amd64)
# No core dump will be written. Minidumps are not enabled by default on client versions of Windows
#

---------------  S U M M A R Y ------------

Command Line: -Xms128m -Xmx512m -Dclassworlds.conf=C:\Program Files\Apache\maven\bin\m2.conf -Dmaven.home=C:\Program Files\Apache\maven -Dlibrary.jansi.path=C:\Program Files\Apache\maven\lib\jansi-native -Dmaven.multiModuleProjectDirectory=C:\Users\LAKSHAY BINDAL\Desktop\Shodh-a-code\backend org.codehaus.plexus.classworlds.launcher.Launcher clean compile

Host: 12th Gen Intel(R) Core(TM) i5-12500H, 16 cores, 15G,  Windows 11 , 64 bit Build 26100 (10.0.26100.7019)
Time: Thu Oct 30 14:49:20 2025 India Standard Time elapsed time: 7.830089 seconds (0d 0h 0m 7s)

---------------  T H R E A D  ---------------

Current thread (0x000002139ba696a0):  JavaThread "C2 CompilerThread5" daemon [_thread_in_native, id=19180, stack(0x000000564c100000,0x000000564c200000) (1024K)]


Current CompileTask:
C2:7830 6527       4       java.util.regex.Pattern::compile (537 bytes)

Stack: [0x000000564c100000,0x000000564c200000]
Native frames: (J=compiled Java code, j=interpreted, Vv=VM code, C=native code)
V  [jvm.dll+0x6e0b99]  (no source info available)
V  [jvm.dll+0x87e2b3]  (no source info available)
V  [jvm.dll+0x88073e]  (no source info available)
V  [jvm.dll+0x880e13]  (no source info available)
V  [jvm.dll+0x27b006]  (no source info available)
V  [jvm.dll+0xbc06f]  (no source info available)
V  [jvm.dll+0xbc2cb]  (no source info available)
V  [jvm.dll+0x3b3c22]  (no source info available)
V  [jvm.dll+0x38a55b]  (no source info available)
V  [jvm.dll+0x3899ca]  (no source info available)
V  [jvm.dll+0x244ba1]  (no source info available)
V  [jvm.dll+0x243eff]  (no source info available)
V  [jvm.dll+0x1c34b0]  (no source info available)
V  [jvm.dll+0x253df1]  (no source info available)
V  [jvm.dll+0x2520aa]  (no source info available)
V  [jvm.dll+0x3ee226]  (no source info available)
V  [jvm.dll+0x8254cb]  (no source info available)
V  [jvm.dll+0x6df345]  (no source info available)
C  [ucrtbase.dll+0x37b0]  (no source info available)
C  [KERNEL32.DLL+0x2e8d7]  (no source info available)
C  [ntdll.dll+0x8c53c]  (no source info available)

Lock stack of current Java thread (top to bottom):


---------------  P R O C E S S  ---------------

Threads class SMR info:
_java_thread_list=0x000002139945c750, length=22, elements={
0x0000021335528280, 0x0000021353311fc0, 0x00000213533156a0, 0x0000021353319680,
0x000002135331b780, 0x000002135333cc10, 0x000002135333e310, 0x00000213533403b0,
0x0000021353349b10, 0x000002135334a1e0, 0x00000213535004d0, 0x000002135350f420,
0x000002135334b650, 0x0000021353347fd0, 0x000002135334a8b0, 0x000002139ba3d9a0,
0x000002139ba67490, 0x000002139ba68fd0, 0x000002139ba6ab10, 0x000002139ba696a0,
0x000002139ba68230, 0x000002139ba6a440
}

Java Threads: ( => current thread )
  0x0000021335528280 JavaThread "main"                              [_thread_in_native, id=10572, stack(0x0000005649900000,0x0000005649a00000) (1024K)]
  0x0000021353311fc0 JavaThread "Reference Handler"          daemon [_thread_blocked, id=3252, stack(0x000000564a100000,0x000000564a200000) (1024K)]
  0x00000213533156a0 JavaThread "Finalizer"                  daemon [_thread_blocked, id=24164, stack(0x000000564a200000,0x000000564a300000) (1024K)]
  0x0000021353319680 JavaThread "Signal Dispatcher"          daemon [_thread_blocked, id=17928, stack(0x000000564a300000,0x000000564a400000) (1024K)]
  0x000002135331b780 JavaThread "Attach Listener"            daemon [_thread_blocked, id=16396, stack(0x000000564a400000,0x000000564a500000) (1024K)]
  0x000002135333cc10 JavaThread "Service Thread"             daemon [_thread_blocked, id=23004, stack(0x000000564a500000,0x000000564a600000) (1024K)]
  0x000002135333e310 JavaThread "Monitor Deflation Thread"   daemon [_thread_blocked, id=23288, stack(0x000000564a600000,0x000000564a700000) (1024K)]
  0x00000213533403b0 JavaThread "C2 CompilerThread0"         daemon [_thread_in_native, id=8372, stack(0x000000564a700000,0x000000564a800000) (1024K)]
  0x0000021353349b10 JavaThread "C1 CompilerThread0"         daemon [_thread_blocked, id=12920, stack(0x000000564a800000,0x000000564a900000) (1024K)]
  0x000002135334a1e0 JavaThread "C1 CompilerThread1"         daemon [_thread_blocked, id=25180, stack(0x000000564a900000,0x000000564aa00000) (1024K)]
  0x00000213535004d0 JavaThread "Notification Thread"        daemon [_thread_blocked, id=13652, stack(0x000000564aa00000,0x000000564ab00000) (1024K)]
  0x000002135350f420 JavaThread "Common-Cleaner"             daemon [_thread_blocked, id=7132, stack(0x000000564ab00000,0x000000564ac00000) (1024K)]
  0x000002135334b650 JavaThread "C1 CompilerThread2"         daemon [_thread_blocked, id=10716, stack(0x000000564ac00000,0x000000564ad00000) (1024K)]
  0x0000021353347fd0 JavaThread "C1 CompilerThread3"         daemon [_thread_blocked, id=17072, stack(0x000000564ad00000,0x000000564ae00000) (1024K)]
  0x000002135334a8b0 JavaThread "C2 CompilerThread1"         daemon [_thread_blocked, id=13708, stack(0x000000564ae00000,0x000000564af00000) (1024K)]
  0x000002139ba3d9a0 JavaThread "Thread-1"                   daemon [_thread_blocked, id=18588, stack(0x000000564b100000,0x000000564b200000) (1024K)]
  0x000002139ba67490 JavaThread "C2 CompilerThread2"         daemon [_thread_in_native, id=20640, stack(0x000000564af00000,0x000000564b000000) (1024K)]
  0x000002139ba68fd0 JavaThread "C2 CompilerThread3"         daemon [_thread_blocked, id=10468, stack(0x000000564b000000,0x000000564b100000) (1024K)]
  0x000002139ba6ab10 JavaThread "C2 CompilerThread4"         daemon [_thread_blocked, id=27144, stack(0x000000564be00000,0x000000564bf00000) (1024K)]
=>0x000002139ba696a0 JavaThread "C2 CompilerThread5"         daemon [_thread_in_native, id=19180, stack(0x000000564c100000,0x000000564c200000) (1024K)]
  0x000002139ba68230 JavaThread "C2 CompilerThread6"         daemon [_thread_blocked, id=24612, stack(0x000000564c200000,0x000000564c300000) (1024K)]
  0x000002139ba6a440 JavaThread "C2 CompilerThread7"         daemon [_thread_blocked, id=18016, stack(0x000000564c300000,0x000000564c400000) (1024K)]
Total: 22

Other Threads:
  0x00000213532f7a10 VMThread "VM Thread"                           [id=2768, stack(0x000000564a000000,0x000000564a100000) (1024K)]
  0x00000213532e3b30 WatcherThread "VM Periodic Task Thread"        [id=14316, stack(0x0000005649f00000,0x000000564a000000) (1024K)]
  0x0000021337a1cb20 WorkerThread "GC Thread#0"                     [id=3696, stack(0x0000005649a00000,0x0000005649b00000) (1024K)]
  0x000002139aa3e800 WorkerThread "GC Thread#1"                     [id=20676, stack(0x000000564b500000,0x000000564b600000) (1024K)]
  0x000002139aa3ebb0 WorkerThread "GC Thread#2"                     [id=14220, stack(0x000000564b600000,0x000000564b700000) (1024K)]
  0x000002139a98f520 WorkerThread "GC Thread#3"                     [id=27140, stack(0x000000564b700000,0x000000564b800000) (1024K)]
  0x000002139ad4c440 WorkerThread "GC Thread#4"                     [id=22656, stack(0x000000564b800000,0x000000564b900000) (1024K)]
  0x0000021399f65050 WorkerThread "GC Thread#5"                     [id=13940, stack(0x000000564b900000,0x000000564ba00000) (1024K)]
  0x0000021399f65400 WorkerThread "GC Thread#6"                     [id=17752, stack(0x000000564ba00000,0x000000564bb00000) (1024K)]
  0x000002139a1e5630 WorkerThread "GC Thread#7"                     [id=13992, stack(0x000000564bb00000,0x000000564bc00000) (1024K)]
  0x000002139a9a1240 WorkerThread "GC Thread#8"                     [id=7688, stack(0x000000564b400000,0x000000564b500000) (1024K)]
  0x000002139a9a2100 WorkerThread "GC Thread#9"                     [id=14244, stack(0x000000564bc00000,0x000000564bd00000) (1024K)]
  0x000002139afeb880 WorkerThread "GC Thread#10"                    [id=21528, stack(0x000000564b200000,0x000000564b300000) (1024K)]
  0x000002139afedd60 WorkerThread "GC Thread#11"                    [id=21864, stack(0x000000564b300000,0x000000564b400000) (1024K)]
  0x000002139afeb120 WorkerThread "GC Thread#12"                    [id=16892, stack(0x000000564bd00000,0x000000564be00000) (1024K)]
  0x0000021337a22b80 ConcurrentGCThread "G1 Main Marker"            [id=9168, stack(0x0000005649b00000,0x0000005649c00000) (1024K)]
  0x0000021337a25520 WorkerThread "G1 Conc#0"                       [id=15192, stack(0x0000005649c00000,0x0000005649d00000) (1024K)]
  0x000002139afecaf0 WorkerThread "G1 Conc#1"                       [id=23952, stack(0x000000564bf00000,0x000000564c000000) (1024K)]
  0x000002139afecea0 WorkerThread "G1 Conc#2"                       [id=26180, stack(0x000000564c000000,0x000000564c100000) (1024K)]
  0x00000213531a74f0 ConcurrentGCThread "G1 Refine#0"               [id=26032, stack(0x0000005649d00000,0x0000005649e00000) (1024K)]
  0x00000213531a8d30 ConcurrentGCThread "G1 Service"                [id=27044, stack(0x0000005649e00000,0x0000005649f00000) (1024K)]
Total: 21

Threads with active compile tasks:
C2 CompilerThread0  7919 6909       4       com.sun.tools.javac.code.Symtab::enterClass (71 bytes)
C2 CompilerThread2  7919 6630   !   4       com.sun.tools.javac.jvm.ClassReader::classSigToType (530 bytes)
C2 CompilerThread5  7919 6527       4       java.util.regex.Pattern::compile (537 bytes)
Total: 3

VM state: not at safepoint (normal execution)

VM Mutex/Monitor currently owned by a thread: None

Heap address: 0x00000000e0000000, size: 512 MB, Compressed Oops mode: 32-bit

CDS archive(s) mapped at: [0x0000021354000000-0x0000021354d70000-0x0000021354d70000), size 14090240, SharedBaseAddress: 0x0000021354000000, ArchiveRelocationMode: 1.
Compressed class space mapped at: 0x0000021355000000-0x0000021395000000, reserved size: 1073741824
Narrow klass base: 0x0000021354000000, Narrow klass shift: 0, Narrow klass range: 0x41000000

GC Precious Log:
 CardTable entry size: 512
 Card Set container configuration: InlinePtr #cards 5 size 8 Array Of Cards #cards 10 size 36 Howl #buckets 4 coarsen threshold 1843 Howl Bitmap #cards 512 size 80 coarsen threshold 460 Card regions per heap region 1 cards per card region 2048
 CPUs: 16 total, 16 available
 Memory: 16004M
 Large Page Support: Disabled
 NUMA Support: Disabled
 Compressed Oops: Enabled (32-bit)
 Heap Region Size: 1M
 Heap Min Capacity: 128M
 Heap Initial Capacity: 128M
 Heap Max Capacity: 512M
 Pre-touch: Disabled
 Parallel Workers: 13
 Concurrent Workers: 3
 Concurrent Refinement Workers: 13
 Periodic GC: Disabled

Heap:
 garbage-first heap   total reserved 524288K, committed 131072K, used 77781K [0x00000000e0000000, 0x0000000100000000)
  region size 1024K, 61 young (62464K), 9 survivors (9216K)
 Metaspace       used 27477K, committed 27904K, reserved 1114112K
  class space    used 3208K, committed 3392K, reserved 1048576K

Heap Regions: E=young(eden), S=young(survivor), O=old, HS=humongous(starts), HC=humongous(continues), CS=collection set, F=free, TAMS=top-at-mark-start, PB=parsable bottom
|   0|0x00000000e0000000, 0x00000000e0100000, 0x00000000e0100000|100%| O|  |TAMS 0x00000000e0000000| PB 0x00000000e0000000| Untracked |  0
|   1|0x00000000e0100000, 0x00000000e0200000, 0x00000000e0200000|100%| O|  |TAMS 0x00000000e0100000| PB 0x00000000e0100000| Untracked |  0
|   2|0x00000000e0200000, 0x00000000e0300000, 0x00000000e0300000|100%| O|  |TAMS 0x00000000e0200000| PB 0x00000000e0200000| Untracked |  0
|   3|0x00000000e0300000, 0x00000000e0400000, 0x00000000e0400000|100%| O|  |TAMS 0x00000000e0300000| PB 0x00000000e0300000| Untracked |  0
|   4|0x00000000e0400000, 0x00000000e0500000, 0x00000000e0500000|100%| O|  |TAMS 0x00000000e0400000| PB 0x00000000e0400000| Untracked |  0
|   5|0x00000000e0500000, 0x00000000e0600000, 0x00000000e0600000|100%| O|  |TAMS 0x00000000e0500000| PB 0x00000000e0500000| Untracked |  0
|   6|0x00000000e0600000, 0x00000000e0700000, 0x00000000e0700000|100%| O|  |TAMS 0x00000000e0600000| PB 0x00000000e0600000| Untracked |  0
|   7|0x00000000e0700000, 0x00000000e0800000, 0x00000000e0800000|100%| O|  |TAMS 0x00000000e0700000| PB 0x00000000e0700000| Untracked |  0
|   8|0x00000000e0800000, 0x00000000e0900000, 0x00000000e0900000|100%| O|  |TAMS 0x00000000e0800000| PB 0x00000000e0800000| Untracked |  0
|   9|0x00000000e0900000, 0x00000000e0a00000, 0x00000000e0a00000|100%| O|  |TAMS 0x00000000e0900000| PB 0x00000000e0900000| Untracked |  0
|  10|0x00000000e0a00000, 0x00000000e0b00000, 0x00000000e0b00000|100%| O|Cm|TAMS 0x00000000e0a00000| PB 0x00000000e0a00000| Complete |  0
|  11|0x00000000e0b00000, 0x00000000e0b83d00, 0x00000000e0c00000| 51%| O|  |TAMS 0x00000000e0b00000| PB 0x00000000e0b00000| Untracked |  0
|  12|0x00000000e0c00000, 0x00000000e0d00000, 0x00000000e0d00000|100%|HS|  |TAMS 0x00000000e0c00000| PB 0x00000000e0c00000| Complete |  0
|  13|0x00000000e0d00000, 0x00000000e0e00000, 0x00000000e0e00000|100%|HS|  |TAMS 0x00000000e0d00000| PB 0x00000000e0d00000| Complete |  0
|  14|0x00000000e0e00000, 0x00000000e0f00000, 0x00000000e0f00000|100%|HC|  |TAMS 0x00000000e0e00000| PB 0x00000000e0e00000| Complete |  0
|  15|0x00000000e0f00000, 0x00000000e1000000, 0x00000000e1000000|100%|HS|  |TAMS 0x00000000e0f00000| PB 0x00000000e0f00000| Complete |  0
|  16|0x00000000e1000000, 0x00000000e1100000, 0x00000000e1100000|100%|HC|  |TAMS 0x00000000e1000000| PB 0x00000000e1000000| Complete |  0
|  17|0x00000000e1100000, 0x00000000e1100000, 0x00000000e1200000|  0%| F|  |TAMS 0x00000000e1100000| PB 0x00000000e1100000| Untracked |  0
|  18|0x00000000e1200000, 0x00000000e1200000, 0x00000000e1300000|  0%| F|  |TAMS 0x00000000e1200000| PB 0x00000000e1200000| Untracked |  0
|  19|0x00000000e1300000, 0x00000000e1300000, 0x00000000e1400000|  0%| F|  |TAMS 0x00000000e1300000| PB 0x00000000e1300000| Untracked |  0
|  20|0x00000000e1400000, 0x00000000e1400000, 0x00000000e1500000|  0%| F|  |TAMS 0x00000000e1400000| PB 0x00000000e1400000| Untracked |  0
|  21|0x00000000e1500000, 0x00000000e1500000, 0x00000000e1600000|  0%| F|  |TAMS 0x00000000e1500000| PB 0x00000000e1500000| Untracked |  0
|  22|0x00000000e1600000, 0x00000000e1600000, 0x00000000e1700000|  0%| F|  |TAMS 0x00000000e1600000| PB 0x00000000e1600000| Untracked |  0
|  23|0x00000000e1700000, 0x00000000e1700000, 0x00000000e1800000|  0%| F|  |TAMS 0x00000000e1700000| PB 0x00000000e1700000| Untracked |  0
|  24|0x00000000e1800000, 0x00000000e1800000, 0x00000000e1900000|  0%| F|  |TAMS 0x00000000e1800000| PB 0x00000000e1800000| Untracked |  0
|  25|0x00000000e1900000, 0x00000000e1900000, 0x00000000e1a00000|  0%| F|  |TAMS 0x00000000e1900000| PB 0x00000000e1900000| Untracked |  0
|  26|0x00000000e1a00000, 0x00000000e1a00000, 0x00000000e1b00000|  0%| F|  |TAMS 0x00000000e1a00000| PB 0x00000000e1a00000| Untracked |  0
|  27|0x00000000e1b00000, 0x00000000e1b00000, 0x00000000e1c00000|  0%| F|  |TAMS 0x00000000e1b00000| PB 0x00000000e1b00000| Untracked |  0
|  28|0x00000000e1c00000, 0x00000000e1c00000, 0x00000000e1d00000|  0%| F|  |TAMS 0x00000000e1c00000| PB 0x00000000e1c00000| Untracked |  0
|  29|0x00000000e1d00000, 0x00000000e1d00000, 0x00000000e1e00000|  0%| F|  |TAMS 0x00000000e1d00000| PB 0x00000000e1d00000| Untracked |  0
|  30|0x00000000e1e00000, 0x00000000e1e00000, 0x00000000e1f00000|  0%| F|  |TAMS 0x00000000e1e00000| PB 0x00000000e1e00000| Untracked |  0
|  31|0x00000000e1f00000, 0x00000000e1f00000, 0x00000000e2000000|  0%| F|  |TAMS 0x00000000e1f00000| PB 0x00000000e1f00000| Untracked |  0
|  32|0x00000000e2000000, 0x00000000e2000000, 0x00000000e2100000|  0%| F|  |TAMS 0x00000000e2000000| PB 0x00000000e2000000| Untracked |  0
|  33|0x00000000e2100000, 0x00000000e2100000, 0x00000000e2200000|  0%| F|  |TAMS 0x00000000e2100000| PB 0x00000000e2100000| Untracked |  0
|  34|0x00000000e2200000, 0x00000000e2200000, 0x00000000e2300000|  0%| F|  |TAMS 0x00000000e2200000| PB 0x00000000e2200000| Untracked |  0
|  35|0x00000000e2300000, 0x00000000e2300000, 0x00000000e2400000|  0%| F|  |TAMS 0x00000000e2300000| PB 0x00000000e2300000| Untracked |  0
|  36|0x00000000e2400000, 0x00000000e2400000, 0x00000000e2500000|  0%| F|  |TAMS 0x00000000e2400000| PB 0x00000000e2400000| Untracked |  0
|  37|0x00000000e2500000, 0x00000000e2500000, 0x00000000e2600000|  0%| F|  |TAMS 0x00000000e2500000| PB 0x00000000e2500000| Untracked |  0
|  38|0x00000000e2600000, 0x00000000e2600000, 0x00000000e2700000|  0%| F|  |TAMS 0x00000000e2600000| PB 0x00000000e2600000| Untracked |  0
|  39|0x00000000e2700000, 0x00000000e2700000, 0x00000000e2800000|  0%| F|  |TAMS 0x00000000e2700000| PB 0x00000000e2700000| Untracked |  0
|  40|0x00000000e2800000, 0x00000000e2800000, 0x00000000e2900000|  0%| F|  |TAMS 0x00000000e2800000| PB 0x00000000e2800000| Untracked |  0
|  41|0x00000000e2900000, 0x00000000e2900000, 0x00000000e2a00000|  0%| F|  |TAMS 0x00000000e2900000| PB 0x00000000e2900000| Untracked |  0
|  42|0x00000000e2a00000, 0x00000000e2a00000, 0x00000000e2b00000|  0%| F|  |TAMS 0x00000000e2a00000| PB 0x00000000e2a00000| Untracked |  0
|  43|0x00000000e2b00000, 0x00000000e2b00000, 0x00000000e2c00000|  0%| F|  |TAMS 0x00000000e2b00000| PB 0x00000000e2b00000| Untracked |  0
|  44|0x00000000e2c00000, 0x00000000e2c00000, 0x00000000e2d00000|  0%| F|  |TAMS 0x00000000e2c00000| PB 0x00000000e2c00000| Untracked |  0
|  45|0x00000000e2d00000, 0x00000000e2d00000, 0x00000000e2e00000|  0%| F|  |TAMS 0x00000000e2d00000| PB 0x00000000e2d00000| Untracked |  0
|  46|0x00000000e2e00000, 0x00000000e2e00000, 0x00000000e2f00000|  0%| F|  |TAMS 0x00000000e2e00000| PB 0x00000000e2e00000| Untracked |  0
|  47|0x00000000e2f00000, 0x00000000e2f00000, 0x00000000e3000000|  0%| F|  |TAMS 0x00000000e2f00000| PB 0x00000000e2f00000| Untracked |  0
|  48|0x00000000e3000000, 0x00000000e3000000, 0x00000000e3100000|  0%| F|  |TAMS 0x00000000e3000000| PB 0x00000000e3000000| Untracked |  0
|  49|0x00000000e3100000, 0x00000000e3100000, 0x00000000e3200000|  0%| F|  |TAMS 0x00000000e3100000| PB 0x00000000e3100000| Untracked |  0
|  50|0x00000000e3200000, 0x00000000e3200000, 0x00000000e3300000|  0%| F|  |TAMS 0x00000000e3200000| PB 0x00000000e3200000| Untracked |  0
|  51|0x00000000e3300000, 0x00000000e3300000, 0x00000000e3400000|  0%| F|  |TAMS 0x00000000e3300000| PB 0x00000000e3300000| Untracked |  0
|  52|0x00000000e3400000, 0x00000000e3400000, 0x00000000e3500000|  0%| F|  |TAMS 0x00000000e3400000| PB 0x00000000e3400000| Untracked |  0
|  53|0x00000000e3500000, 0x00000000e3500000, 0x00000000e3600000|  0%| F|  |TAMS 0x00000000e3500000| PB 0x00000000e3500000| Untracked |  0
|  54|0x00000000e3600000, 0x00000000e3600000, 0x00000000e3700000|  0%| F|  |TAMS 0x00000000e3600000| PB 0x00000000e3600000| Untracked |  0
|  55|0x00000000e3700000, 0x00000000e3700000, 0x00000000e3800000|  0%| F|  |TAMS 0x00000000e3700000| PB 0x00000000e3700000| Untracked |  0
|  56|0x00000000e3800000, 0x00000000e3800000, 0x00000000e3900000|  0%| F|  |TAMS 0x00000000e3800000| PB 0x00000000e3800000| Untracked |  0
|  57|0x00000000e3900000, 0x00000000e3900000, 0x00000000e3a00000|  0%| F|  |TAMS 0x00000000e3900000| PB 0x00000000e3900000| Untracked |  0
|  58|0x00000000e3a00000, 0x00000000e3a00000, 0x00000000e3b00000|  0%| F|  |TAMS 0x00000000e3a00000| PB 0x00000000e3a00000| Untracked |  0
|  59|0x00000000e3b00000, 0x00000000e3b00000, 0x00000000e3c00000|  0%| F|  |TAMS 0x00000000e3b00000| PB 0x00000000e3b00000| Untracked |  0
|  60|0x00000000e3c00000, 0x00000000e3c00000, 0x00000000e3d00000|  0%| F|  |TAMS 0x00000000e3c00000| PB 0x00000000e3c00000| Untracked |  0
|  61|0x00000000e3d00000, 0x00000000e3d00000, 0x00000000e3e00000|  0%| F|  |TAMS 0x00000000e3d00000| PB 0x00000000e3d00000| Untracked |  0
|  62|0x00000000e3e00000, 0x00000000e3e00000, 0x00000000e3f00000|  0%| F|  |TAMS 0x00000000e3e00000| PB 0x00000000e3e00000| Untracked |  0
|  63|0x00000000e3f00000, 0x00000000e3f00000, 0x00000000e4000000|  0%| F|  |TAMS 0x00000000e3f00000| PB 0x00000000e3f00000| Untracked |  0
|  64|0x00000000e4000000, 0x00000000e4000000, 0x00000000e4100000|  0%| F|  |TAMS 0x00000000e4000000| PB 0x00000000e4000000| Untracked |  0
|  65|0x00000000e4100000, 0x00000000e4100000, 0x00000000e4200000|  0%| F|  |TAMS 0x00000000e4100000| PB 0x00000000e4100000| Untracked |  0
|  66|0x00000000e4200000, 0x00000000e4200000, 0x00000000e4300000|  0%| F|  |TAMS 0x00000000e4200000| PB 0x00000000e4200000| Untracked |  0
|  67|0x00000000e4300000, 0x00000000e4380000, 0x00000000e4400000| 50%| E|  |TAMS 0x00000000e4300000| PB 0x00000000e4300000| Complete |  0
|  68|0x00000000e4400000, 0x00000000e4500000, 0x00000000e4500000|100%| E|CS|TAMS 0x00000000e4400000| PB 0x00000000e4400000| Complete |  0
|  69|0x00000000e4500000, 0x00000000e4600000, 0x00000000e4600000|100%| E|CS|TAMS 0x00000000e4500000| PB 0x00000000e4500000| Complete |  0
|  70|0x00000000e4600000, 0x00000000e4700000, 0x00000000e4700000|100%| E|CS|TAMS 0x00000000e4600000| PB 0x00000000e4600000| Complete |  0
|  71|0x00000000e4700000, 0x00000000e4800000, 0x00000000e4800000|100%| E|CS|TAMS 0x00000000e4700000| PB 0x00000000e4700000| Complete |  0
|  72|0x00000000e4800000, 0x00000000e4900000, 0x00000000e4900000|100%| E|CS|TAMS 0x00000000e4800000| PB 0x00000000e4800000| Complete |  0
|  73|0x00000000e4900000, 0x00000000e4a00000, 0x00000000e4a00000|100%| E|CS|TAMS 0x00000000e4900000| PB 0x00000000e4900000| Complete |  0
|  74|0x00000000e4a00000, 0x00000000e4b00000, 0x00000000e4b00000|100%| E|CS|TAMS 0x00000000e4a00000| PB 0x00000000e4a00000| Complete |  0
|  75|0x00000000e4b00000, 0x00000000e4c00000, 0x00000000e4c00000|100%| E|CS|TAMS 0x00000000e4b00000| PB 0x00000000e4b00000| Complete |  0
|  76|0x00000000e4c00000, 0x00000000e4d00000, 0x00000000e4d00000|100%| E|CS|TAMS 0x00000000e4c00000| PB 0x00000000e4c00000| Complete |  0
|  77|0x00000000e4d00000, 0x00000000e4e00000, 0x00000000e4e00000|100%| E|CS|TAMS 0x00000000e4d00000| PB 0x00000000e4d00000| Complete |  0
|  78|0x00000000e4e00000, 0x00000000e4f00000, 0x00000000e4f00000|100%| E|CS|TAMS 0x00000000e4e00000| PB 0x00000000e4e00000| Complete |  0
|  79|0x00000000e4f00000, 0x00000000e4f719d0, 0x00000000e5000000| 44%| S|CS|TAMS 0x00000000e4f00000| PB 0x00000000e4f00000| Complete |  0
|  80|0x00000000e5000000, 0x00000000e5100000, 0x00000000e5100000|100%| S|CS|TAMS 0x00000000e5000000| PB 0x00000000e5000000| Complete |  0
|  81|0x00000000e5100000, 0x00000000e5200000, 0x00000000e5200000|100%| S|CS|TAMS 0x00000000e5100000| PB 0x00000000e5100000| Complete |  0
|  82|0x00000000e5200000, 0x00000000e5300000, 0x00000000e5300000|100%| S|CS|TAMS 0x00000000e5200000| PB 0x00000000e5200000| Complete |  0
|  83|0x00000000e5300000, 0x00000000e5400000, 0x00000000e5400000|100%| S|CS|TAMS 0x00000000e5300000| PB 0x00000000e5300000| Complete |  0
|  84|0x00000000e5400000, 0x00000000e5500000, 0x00000000e5500000|100%| S|CS|TAMS 0x00000000e5400000| PB 0x00000000e5400000| Complete |  0
|  85|0x00000000e5500000, 0x00000000e5600000, 0x00000000e5600000|100%| S|CS|TAMS 0x00000000e5500000| PB 0x00000000e5500000| Complete |  0
|  86|0x00000000e5600000, 0x00000000e5700000, 0x00000000e5700000|100%| S|CS|TAMS 0x00000000e5600000| PB 0x00000000e5600000| Complete |  0
|  87|0x00000000e5700000, 0x00000000e5800000, 0x00000000e5800000|100%| S|CS|TAMS 0x00000000e5700000| PB 0x00000000e5700000| Complete |  0
|  88|0x00000000e5800000, 0x00000000e5900000, 0x00000000e5900000|100%| E|CS|TAMS 0x00000000e5800000| PB 0x00000000e5800000| Complete |  0
|  89|0x00000000e5900000, 0x00000000e5a00000, 0x00000000e5a00000|100%| E|CS|TAMS 0x00000000e5900000| PB 0x00000000e5900000| Complete |  0
|  90|0x00000000e5a00000, 0x00000000e5b00000, 0x00000000e5b00000|100%| E|CS|TAMS 0x00000000e5a00000| PB 0x00000000e5a00000| Complete |  0
|  91|0x00000000e5b00000, 0x00000000e5c00000, 0x00000000e5c00000|100%| E|CS|TAMS 0x00000000e5b00000| PB 0x00000000e5b00000| Complete |  0
|  92|0x00000000e5c00000, 0x00000000e5d00000, 0x00000000e5d00000|100%| E|CS|TAMS 0x00000000e5c00000| PB 0x00000000e5c00000| Complete |  0
|  93|0x00000000e5d00000, 0x00000000e5e00000, 0x00000000e5e00000|100%| E|CS|TAMS 0x00000000e5d00000| PB 0x00000000e5d00000| Complete |  0
|  94|0x00000000e5e00000, 0x00000000e5f00000, 0x00000000e5f00000|100%| E|CS|TAMS 0x00000000e5e00000| PB 0x00000000e5e00000| Complete |  0
|  95|0x00000000e5f00000, 0x00000000e6000000, 0x00000000e6000000|100%| E|CS|TAMS 0x00000000e5f00000| PB 0x00000000e5f00000| Complete |  0
|  96|0x00000000e6000000, 0x00000000e6100000, 0x00000000e6100000|100%| E|CS|TAMS 0x00000000e6000000| PB 0x00000000e6000000| Complete |  0
|  97|0x00000000e6100000, 0x00000000e6200000, 0x00000000e6200000|100%| E|CS|TAMS 0x00000000e6100000| PB 0x00000000e6100000| Complete |  0
|  98|0x00000000e6200000, 0x00000000e6300000, 0x00000000e6300000|100%| E|CS|TAMS 0x00000000e6200000| PB 0x00000000e6200000| Complete |  0
|  99|0x00000000e6300000, 0x00000000e6400000, 0x00000000e6400000|100%| E|CS|TAMS 0x00000000e6300000| PB 0x00000000e6300000| Complete |  0
| 100|0x00000000e6400000, 0x00000000e6500000, 0x00000000e6500000|100%| E|CS|TAMS 0x00000000e6400000| PB 0x00000000e6400000| Complete |  0
| 101|0x00000000e6500000, 0x00000000e6600000, 0x00000000e6600000|100%| E|CS|TAMS 0x00000000e6500000| PB 0x00000000e6500000| Complete |  0
| 102|0x00000000e6600000, 0x00000000e6700000, 0x00000000e6700000|100%| E|CS|TAMS 0x00000000e6600000| PB 0x00000000e6600000| Complete |  0
| 103|0x00000000e6700000, 0x00000000e6800000, 0x00000000e6800000|100%| E|CS|TAMS 0x00000000e6700000| PB 0x00000000e6700000| Complete |  0
| 104|0x00000000e6800000, 0x00000000e6900000, 0x00000000e6900000|100%| E|CS|TAMS 0x00000000e6800000| PB 0x00000000e6800000| Complete |  0
| 105|0x00000000e6900000, 0x00000000e6a00000, 0x00000000e6a00000|100%| E|CS|TAMS 0x00000000e6900000| PB 0x00000000e6900000| Complete |  0
| 106|0x00000000e6a00000, 0x00000000e6b00000, 0x00000000e6b00000|100%| E|CS|TAMS 0x00000000e6a00000| PB 0x00000000e6a00000| Complete |  0
| 107|0x00000000e6b00000, 0x00000000e6c00000, 0x00000000e6c00000|100%| E|CS|TAMS 0x00000000e6b00000| PB 0x00000000e6b00000| Complete |  0
| 108|0x00000000e6c00000, 0x00000000e6d00000, 0x00000000e6d00000|100%| E|CS|TAMS 0x00000000e6c00000| PB 0x00000000e6c00000| Complete |  0
| 109|0x00000000e6d00000, 0x00000000e6e00000, 0x00000000e6e00000|100%| E|CS|TAMS 0x00000000e6d00000| PB 0x00000000e6d00000| Complete |  0
| 110|0x00000000e6e00000, 0x00000000e6f00000, 0x00000000e6f00000|100%| E|CS|TAMS 0x00000000e6e00000| PB 0x00000000e6e00000| Complete |  0
| 111|0x00000000e6f00000, 0x00000000e7000000, 0x00000000e7000000|100%| E|CS|TAMS 0x00000000e6f00000| PB 0x00000000e6f00000| Complete |  0
| 112|0x00000000e7000000, 0x00000000e7100000, 0x00000000e7100000|100%| E|CS|TAMS 0x00000000e7000000| PB 0x00000000e7000000| Complete |  0
| 113|0x00000000e7100000, 0x00000000e7200000, 0x00000000e7200000|100%| E|CS|TAMS 0x00000000e7100000| PB 0x00000000e7100000| Complete |  0
| 114|0x00000000e7200000, 0x00000000e7300000, 0x00000000e7300000|100%| E|CS|TAMS 0x00000000e7200000| PB 0x00000000e7200000| Complete |  0
| 115|0x00000000e7300000, 0x00000000e7400000, 0x00000000e7400000|100%| E|CS|TAMS 0x00000000e7300000| PB 0x00000000e7300000| Complete |  0
| 116|0x00000000e7400000, 0x00000000e7500000, 0x00000000e7500000|100%| E|CS|TAMS 0x00000000e7400000| PB 0x00000000e7400000| Complete |  0
| 117|0x00000000e7500000, 0x00000000e7600000, 0x00000000e7600000|100%| E|CS|TAMS 0x00000000e7500000| PB 0x00000000e7500000| Complete |  0
| 118|0x00000000e7600000, 0x00000000e7700000, 0x00000000e7700000|100%| E|CS|TAMS 0x00000000e7600000| PB 0x00000000e7600000| Complete |  0
| 119|0x00000000e7700000, 0x00000000e7800000, 0x00000000e7800000|100%| E|CS|TAMS 0x00000000e7700000| PB 0x00000000e7700000| Complete |  0
| 120|0x00000000e7800000, 0x00000000e7900000, 0x00000000e7900000|100%| E|CS|TAMS 0x00000000e7800000| PB 0x00000000e7800000| Complete |  0
| 121|0x00000000e7900000, 0x00000000e7a00000, 0x00000000e7a00000|100%| E|CS|TAMS 0x00000000e7900000| PB 0x00000000e7900000| Complete |  0
| 122|0x00000000e7a00000, 0x00000000e7b00000, 0x00000000e7b00000|100%| E|CS|TAMS 0x00000000e7a00000| PB 0x00000000e7a00000| Complete |  0
| 123|0x00000000e7b00000, 0x00000000e7c00000, 0x00000000e7c00000|100%| E|CS|TAMS 0x00000000e7b00000| PB 0x00000000e7b00000| Complete |  0
| 124|0x00000000e7c00000, 0x00000000e7d00000, 0x00000000e7d00000|100%| E|CS|TAMS 0x00000000e7c00000| PB 0x00000000e7c00000| Complete |  0
| 125|0x00000000e7d00000, 0x00000000e7e00000, 0x00000000e7e00000|100%| E|CS|TAMS 0x00000000e7d00000| PB 0x00000000e7d00000| Complete |  0
| 126|0x00000000e7e00000, 0x00000000e7f00000, 0x00000000e7f00000|100%| E|CS|TAMS 0x00000000e7e00000| PB 0x00000000e7e00000| Complete |  0
| 127|0x00000000e7f00000, 0x00000000e8000000, 0x00000000e8000000|100%| E|CS|TAMS 0x00000000e7f00000| PB 0x00000000e7f00000| Complete |  0

Card table byte_map: [0x000002134fab0000,0x000002134fbb0000] _byte_map_base: 0x000002134f3b0000

Marking Bits: (CMBitMap*) 0x0000021337a1d240
 Bits: [0x000002134fbb0000, 0x00000213503b0000)

Polling page: 0x00000213357c0000

Metaspace:

Usage:
  Non-class:     23.70 MB used.
      Class:      3.13 MB used.
       Both:     26.84 MB used.

Virtual space:
  Non-class space:       64.00 MB reserved,      23.94 MB ( 37%) committed,  1 nodes.
      Class space:        1.00 GB reserved,       3.31 MB ( <1%) committed,  1 nodes.
             Both:        1.06 GB reserved,      27.25 MB (  3%) committed. 

Chunk freelists:
   Non-Class:  7.67 MB
       Class:  12.58 MB
        Both:  20.25 MB

MaxMetaspaceSize: unlimited
CompressedClassSpaceSize: 1.00 GB
Initial GC threshold: 21.00 MB
Current GC threshold: 35.44 MB
CDS: on
 - commit_granule_bytes: 65536.
 - commit_granule_words: 8192.
 - virtual_space_node_default_size: 8388608.
 - enlarge_chunks_in_place: 1.
 - use_allocation_guard: 0.


Internal statistics:

num_allocs_failed_limit: 3.
num_arena_births: 266.
num_arena_deaths: 0.
num_vsnodes_births: 2.
num_vsnodes_deaths: 0.
num_space_committed: 436.
num_space_uncommitted: 0.
num_chunks_returned_to_freelist: 3.
num_chunks_taken_from_freelist: 1205.
num_chunk_merges: 3.
num_chunk_splits: 878.
num_chunks_enlarged: 711.
num_inconsistent_stats: 0.

CodeHeap 'non-profiled nmethods': size=119232Kb used=2729Kb max_used=2729Kb free=116503Kb
 bounds [0x0000021347cc0000, 0x0000021347f70000, 0x000002134f130000]
CodeHeap 'profiled nmethods': size=119104Kb used=11886Kb max_used=11886Kb free=107217Kb
 bounds [0x0000021340130000, 0x0000021340cd0000, 0x0000021347580000]
CodeHeap 'non-nmethods': size=7424Kb used=3146Kb max_used=3206Kb free=4277Kb
 bounds [0x0000021347580000, 0x00000213478b0000, 0x0000021347cc0000]
CodeCache: size=245760Kb, used=17761Kb, max_used=17821Kb, free=227997Kb
 total_blobs=7558, nmethods=7004, adapters=455, full_count=0
Compilation: enabled, stopped_count=0, restarted_count=0

Compilation events (20 events):
Event: 7.801 Thread 0x0000021353347fd0 6986       3       com.sun.tools.javac.model.JavacElements::cast (26 bytes)
Event: 7.802 Thread 0x000002135334b650 6982       3       com.sun.tools.javac.processing.JavacProcessingEnvironment$ComputeAnnotationSet::scan (16 bytes)
Event: 7.802 Thread 0x0000021353349b10 6984       3       com.sun.tools.javac.model.JavacElements::getAllAnnotationMirrors (6 bytes)
Event: 7.803 Thread 0x0000021353347fd0 nmethod 6986 0x0000021340cc1188 code [0x0000021340cc1300, 0x0000021340cc17e0]
Event: 7.803 Thread 0x0000021353349b10 nmethod 6984 0x0000021340cc1808 code [0x0000021340cc1920, 0x0000021340cc1a78]
Event: 7.803 Thread 0x000002135334b650 nmethod 6982 0x0000021340cc1b08 code [0x0000021340cc1c60, 0x0000021340cc1ff8]
Event: 7.804 Thread 0x000002135334a1e0 nmethod 6983 0x0000021340cc2088 code [0x0000021340cc2260, 0x0000021340cc2f68]
Event: 7.804 Thread 0x0000021353347fd0 6985       3       com.sun.tools.javac.model.JavacElements::getAllAnnotationMirrors (159 bytes)
Event: 7.804 Thread 0x0000021353349b10 6987       3       com.sun.tools.javac.code.Symbol::getAnnotationMirrors (9 bytes)
Event: 7.805 Thread 0x000002135334a8b0 nmethod 6936 0x0000021347f63d88 code [0x0000021347f63e80, 0x0000021347f63f60]
Event: 7.805 Thread 0x0000021353349b10 nmethod 6987 0x0000021340cc3008 code [0x0000021340cc3160, 0x0000021340cc3650]
Event: 7.806 Thread 0x000002139ba6ab10 nmethod 6969 0x0000021347f64088 code [0x0000021347f641a0, 0x0000021347f64468]
Event: 7.807 Thread 0x000002135334a8b0 6955       4       com.sun.tools.javac.tree.TreeScanner::visitIdent (1 bytes)
Event: 7.809 Thread 0x0000021353347fd0 nmethod 6985 0x0000021340cc3688 code [0x0000021340cc39a0, 0x0000021340cc5498]
Event: 7.810 Thread 0x000002139ba6ab10 6928       4       java.util.stream.MatchOps$MatchOp::getOpFlags (8 bytes)
Event: 7.811 Thread 0x000002139ba68fd0 nmethod 6903 0x0000021347f64488 code [0x0000021347f645c0, 0x0000021347f647c8]
Event: 7.811 Thread 0x000002135334a8b0 nmethod 6955 0x0000021347f64888 code [0x0000021347f64980, 0x0000021347f649f8]
Event: 7.812 Thread 0x000002135334a8b0 6717       4       com.sun.tools.javac.util.Iterators::emptyIterator (4 bytes)
Event: 7.813 Thread 0x000002139ba6ab10 nmethod 6928 0x0000021347f64b88 code [0x0000021347f64c80, 0x0000021347f64d00]
Event: 7.815 Thread 0x000002135334a8b0 nmethod 6717 0x0000021347f64e88 code [0x0000021347f64f80, 0x0000021347f64ff0]

GC Heap History (10 events):
Event: 1.119 GC heap before
{Heap before GC invocations=0 (full 0):
 garbage-first heap   total reserved 524288K, committed 131072K, used 23552K [0x00000000e0000000, 0x0000000100000000)
  region size 1024K, 24 young (24576K), 0 survivors (0K)
 Metaspace       used 5856K, committed 5952K, reserved 1114112K
  class space    used 716K, committed 768K, reserved 1048576K
}
Event: 1.130 GC heap after
{Heap after GC invocations=1 (full 0):
 garbage-first heap   total reserved 524288K, committed 131072K, used 3816K [0x00000000e0000000, 0x0000000100000000)
  region size 1024K, 3 young (3072K), 3 survivors (3072K)
 Metaspace       used 5856K, committed 5952K, reserved 1114112K
  class space    used 716K, committed 768K, reserved 1048576K
}
Event: 1.989 GC heap before
{Heap before GC invocations=1 (full 0):
 garbage-first heap   total reserved 524288K, committed 131072K, used 26344K [0x00000000e0000000, 0x0000000100000000)
  region size 1024K, 25 young (25600K), 3 survivors (3072K)
 Metaspace       used 8136K, committed 8320K, reserved 1114112K
  class space    used 990K, committed 1088K, reserved 1048576K
}
Event: 1.995 GC heap after
{Heap after GC invocations=2 (full 0):
 garbage-first heap   total reserved 524288K, committed 131072K, used 5058K [0x00000000e0000000, 0x0000000100000000)
  region size 1024K, 1 young (1024K), 1 survivors (1024K)
 Metaspace       used 8136K, committed 8320K, reserved 1114112K
  class space    used 990K, committed 1088K, reserved 1048576K
}
Event: 4.297 GC heap before
{Heap before GC invocations=2 (full 0):
 garbage-first heap   total reserved 524288K, committed 131072K, used 62402K [0x00000000e0000000, 0x0000000100000000)
  region size 1024K, 57 young (58368K), 1 survivors (1024K)
 Metaspace       used 15726K, committed 16064K, reserved 1114112K
  class space    used 1910K, committed 2048K, reserved 1048576K
}
Event: 4.315 GC heap after
{Heap after GC invocations=3 (full 0):
 garbage-first heap   total reserved 524288K, committed 131072K, used 12226K [0x00000000e0000000, 0x0000000100000000)
  region size 1024K, 8 young (8192K), 8 survivors (8192K)
 Metaspace       used 15726K, committed 16064K, reserved 1114112K
  class space    used 1910K, committed 2048K, reserved 1048576K
}
Event: 5.429 GC heap before
{Heap before GC invocations=3 (full 0):
 garbage-first heap   total reserved 524288K, committed 131072K, used 67522K [0x00000000e0000000, 0x0000000100000000)
  region size 1024K, 62 young (63488K), 8 survivors (8192K)
 Metaspace       used 17069K, committed 17280K, reserved 1114112K
  class space    used 2039K, committed 2112K, reserved 1048576K
}
Event: 5.441 GC heap after
{Heap after GC invocations=4 (full 0):
 garbage-first heap   total reserved 524288K, committed 131072K, used 14863K [0x00000000e0000000, 0x0000000100000000)
  region size 1024K, 3 young (3072K), 3 survivors (3072K)
 Metaspace       used 17069K, committed 17280K, reserved 1114112K
  class space    used 2039K, committed 2112K, reserved 1048576K
}
Event: 6.358 GC heap before
{Heap before GC invocations=4 (full 0):
 garbage-first heap   total reserved 524288K, committed 131072K, used 59919K [0x00000000e0000000, 0x0000000100000000)
  region size 1024K, 43 young (44032K), 3 survivors (3072K)
 Metaspace       used 21228K, committed 21504K, reserved 1114112K
  class space    used 2515K, committed 2624K, reserved 1048576K
}
Event: 6.365 GC heap after
{Heap after GC invocations=5 (full 0):
 garbage-first heap   total reserved 524288K, committed 131072K, used 24533K [0x00000000e0000000, 0x0000000100000000)
  region size 1024K, 9 young (9216K), 9 survivors (9216K)
 Metaspace       used 21228K, committed 21504K, reserved 1114112K
  class space    used 2515K, committed 2624K, reserved 1048576K
}

Dll operation events (8 events):
Event: 0.017 Loaded shared library C:\Program Files\Java\jdk-23\bin\java.dll
Event: 0.067 Loaded shared library C:\Program Files\Java\jdk-23\bin\jsvml.dll
Event: 0.091 Loaded shared library C:\Program Files\Java\jdk-23\bin\net.dll
Event: 0.094 Loaded shared library C:\Program Files\Java\jdk-23\bin\nio.dll
Event: 0.101 Loaded shared library C:\Program Files\Java\jdk-23\bin\zip.dll
Event: 0.303 Loaded shared library C:\Program Files\Java\jdk-23\bin\jimage.dll
Event: 0.304 Loaded shared library C:\Program Files\Apache\maven\lib\jansi-native\Windows\x86_64\jansi.dll
Event: 0.322 Loaded shared library C:\Program Files\Java\jdk-23\bin\verify.dll

Deoptimization events (20 events):
Event: 6.826 Thread 0x0000021335528280 Uncommon trap: trap_request=0xffffffd6 fr.pc=0x0000021347efdd38 relative=0x0000000000000398
Event: 6.826 Thread 0x0000021335528280 Uncommon trap: reason=array_check action=maybe_recompile pc=0x0000021347efdd38 method=java.util.LinkedHashMap.valuesToArray([Ljava/lang/Object;Z)[Ljava/lang/Object; @ 67 c2
Event: 6.826 Thread 0x0000021335528280 DEOPT PACKING pc=0x0000021347efdd38 sp=0x00000056499fcb30
Event: 6.826 Thread 0x0000021335528280 DEOPT UNPACKING pc=0x00000213475d4402 sp=0x00000056499fcad0 mode 2
Event: 6.828 Thread 0x0000021335528280 Uncommon trap: trap_request=0xffffffd6 fr.pc=0x0000021347efdd38 relative=0x0000000000000398
Event: 6.828 Thread 0x0000021335528280 Uncommon trap: reason=array_check action=maybe_recompile pc=0x0000021347efdd38 method=java.util.LinkedHashMap.valuesToArray([Ljava/lang/Object;Z)[Ljava/lang/Object; @ 67 c2
Event: 6.829 Thread 0x0000021335528280 DEOPT PACKING pc=0x0000021347efdd38 sp=0x00000056499fcb30
Event: 6.829 Thread 0x0000021335528280 DEOPT UNPACKING pc=0x00000213475d4402 sp=0x00000056499fcad0 mode 2
Event: 7.327 Thread 0x0000021335528280 Uncommon trap: trap_request=0xffffff45 fr.pc=0x0000021347f3f86c relative=0x0000000000003b8c
Event: 7.329 Thread 0x0000021335528280 Uncommon trap: reason=unstable_if action=reinterpret pc=0x0000021347f3f86c method=java.nio.file.FileTreeWalker.visit(Ljava/nio/file/Path;ZZ)Ljava/nio/file/FileTreeWalker$Event; @ 84 c2
Event: 7.329 Thread 0x0000021335528280 DEOPT PACKING pc=0x0000021347f3f86c sp=0x00000056499fcbe0
Event: 7.329 Thread 0x0000021335528280 DEOPT UNPACKING pc=0x00000213475d4402 sp=0x00000056499fcc50 mode 2
Event: 7.348 Thread 0x0000021335528280 Uncommon trap: trap_request=0xffffff45 fr.pc=0x0000021347ef775c relative=0x000000000000005c
Event: 7.348 Thread 0x0000021335528280 Uncommon trap: reason=unstable_if action=reinterpret pc=0x0000021347ef775c method=com.sun.tools.javac.jvm.PoolReader.sizeof(I)I @ 1 c2
Event: 7.349 Thread 0x0000021335528280 DEOPT PACKING pc=0x0000021347ef775c sp=0x00000056499fcae0
Event: 7.349 Thread 0x0000021335528280 DEOPT UNPACKING pc=0x00000213475d4402 sp=0x00000056499fca70 mode 2
Event: 7.366 Thread 0x0000021335528280 Uncommon trap: trap_request=0xffffff45 fr.pc=0x0000021347f476ac relative=0x000000000000366c
Event: 7.366 Thread 0x0000021335528280 Uncommon trap: reason=unstable_if action=reinterpret pc=0x0000021347f476ac method=java.nio.file.FileTreeWalker.visit(Ljava/nio/file/Path;ZZ)Ljava/nio/file/FileTreeWalker$Event; @ 53 c2
Event: 7.366 Thread 0x0000021335528280 DEOPT PACKING pc=0x0000021347f476ac sp=0x00000056499fcae0
Event: 7.366 Thread 0x0000021335528280 DEOPT UNPACKING pc=0x00000213475d4402 sp=0x00000056499fcaa8 mode 2

Classes loaded (20 events):
Event: 7.081 Loading class java/nio/file/Files$2
Event: 7.081 Loading class java/nio/file/Files$2 done
Event: 7.167 Loading class java/nio/file/FileTreeWalker$1
Event: 7.168 Loading class java/nio/file/FileTreeWalker$1 done
Event: 7.708 Loading class java/util/stream/ReduceOps$1
Event: 7.709 Loading class java/util/stream/ReduceOps$1 done
Event: 7.711 Loading class java/util/stream/ReduceOps$1ReducingSink
Event: 7.711 Loading class java/util/stream/ReduceOps$1ReducingSink done
Event: 7.820 Loading class java/util/zip/ZipInputStream
Event: 7.820 Loading class java/util/zip/ZipInputStream done
Event: 7.823 Loading class java/net/URLDecoder
Event: 7.823 Loading class java/net/URLDecoder done
Event: 7.826 Loading class java/util/WeakHashMap$EntrySet
Event: 7.826 Loading class java/util/WeakHashMap$EntrySet done
Event: 7.826 Loading class java/util/WeakHashMap$EntryIterator
Event: 7.827 Loading class java/util/WeakHashMap$HashIterator
Event: 7.827 Loading class java/util/WeakHashMap$HashIterator done
Event: 7.827 Loading class java/util/WeakHashMap$EntryIterator done
Event: 7.827 Loading class java/util/zip/ZipFile$ZipEntryIterator
Event: 7.827 Loading class java/util/zip/ZipFile$ZipEntryIterator done

Classes unloaded (0 events):
No events

Classes redefined (0 events):
No events

Internal exceptions (20 events):
Event: 7.471 Thread 0x0000021335528280 Exception <a 'sun/nio/fs/WindowsException'{0x00000000e4c1da30}> (0x00000000e4c1da30) 
thrown [s\open\src\hotspot\share\prims\jni.cpp, line 520]
Event: 7.472 Thread 0x0000021335528280 Exception <a 'sun/nio/fs/WindowsException'{0x00000000e4c2ec28}> (0x00000000e4c2ec28) 
thrown [s\open\src\hotspot\share\prims\jni.cpp, line 520]
Event: 7.472 Thread 0x0000021335528280 Exception <a 'sun/nio/fs/WindowsException'{0x00000000e4c30b70}> (0x00000000e4c30b70) 
thrown [s\open\src\hotspot\share\prims\jni.cpp, line 520]
Event: 7.472 Thread 0x0000021335528280 Exception <a 'sun/nio/fs/WindowsException'{0x00000000e4c38540}> (0x00000000e4c38540) 
thrown [s\open\src\hotspot\share\prims\jni.cpp, line 520]
Event: 7.473 Thread 0x0000021335528280 Exception <a 'sun/nio/fs/WindowsException'{0x00000000e4c4df48}> (0x00000000e4c4df48) 
thrown [s\open\src\hotspot\share\prims\jni.cpp, line 520]
Event: 7.478 Thread 0x0000021335528280 Exception <a 'sun/nio/fs/WindowsException'{0x00000000e4c7d710}> (0x00000000e4c7d710) 
thrown [s\open\src\hotspot\share\prims\jni.cpp, line 520]
Event: 7.479 Thread 0x0000021335528280 Exception <a 'sun/nio/fs/WindowsException'{0x00000000e4c84e08}> (0x00000000e4c84e08) 
thrown [s\open\src\hotspot\share\prims\jni.cpp, line 520]
Event: 7.479 Thread 0x0000021335528280 Exception <a 'sun/nio/fs/WindowsException'{0x00000000e4c97998}> (0x00000000e4c97998) 
thrown [s\open\src\hotspot\share\prims\jni.cpp, line 520]
Event: 7.479 Thread 0x0000021335528280 Exception <a 'sun/nio/fs/WindowsException'{0x00000000e4c99c40}> (0x00000000e4c99c40) 
thrown [s\open\src\hotspot\share\prims\jni.cpp, line 520]
Event: 7.480 Thread 0x0000021335528280 Exception <a 'sun/nio/fs/WindowsException'{0x00000000e4c9f550}> (0x00000000e4c9f550) 
thrown [s\open\src\hotspot\share\prims\jni.cpp, line 520]
Event: 7.480 Thread 0x0000021335528280 Exception <a 'sun/nio/fs/WindowsException'{0x00000000e4cb0140}> (0x00000000e4cb0140) 
thrown [s\open\src\hotspot\share\prims\jni.cpp, line 520]
Event: 7.547 Thread 0x0000021335528280 Exception <a 'sun/nio/fs/WindowsException'{0x00000000e4875a70}> (0x00000000e4875a70) 
thrown [s\open\src\hotspot\share\prims\jni.cpp, line 520]
Event: 7.547 Thread 0x0000021335528280 Exception <a 'sun/nio/fs/WindowsException'{0x00000000e487d228}> (0x00000000e487d228) 
thrown [s\open\src\hotspot\share\prims\jni.cpp, line 520]
Event: 7.548 Thread 0x0000021335528280 Exception <a 'sun/nio/fs/WindowsException'{0x00000000e48911e0}> (0x00000000e48911e0) 
thrown [s\open\src\hotspot\share\prims\jni.cpp, line 520]
Event: 7.566 Thread 0x0000021335528280 Exception <a 'sun/nio/fs/WindowsException'{0x00000000e47093d8}> (0x00000000e47093d8) 
thrown [s\open\src\hotspot\share\prims\jni.cpp, line 520]
Event: 7.568 Thread 0x0000021335528280 Exception <a 'sun/nio/fs/WindowsException'{0x00000000e4717098}> (0x00000000e4717098) 
thrown [s\open\src\hotspot\share\prims\jni.cpp, line 520]
Event: 7.570 Thread 0x0000021335528280 Exception <a 'sun/nio/fs/WindowsException'{0x00000000e4742fa8}> (0x00000000e4742fa8) 
thrown [s\open\src\hotspot\share\prims\jni.cpp, line 520]
Event: 7.633 Thread 0x0000021335528280 Exception <a 'sun/nio/fs/WindowsException'{0x00000000e460d700}> (0x00000000e460d700) 
thrown [s\open\src\hotspot\share\prims\jni.cpp, line 520]
Event: 7.634 Thread 0x0000021335528280 Exception <a 'sun/nio/fs/WindowsException'{0x00000000e4610dd0}> (0x00000000e4610dd0) 
thrown [s\open\src\hotspot\share\prims\jni.cpp, line 520]
Event: 7.636 Thread 0x0000021335528280 Exception <a 'sun/nio/fs/WindowsException'{0x00000000e461a668}> (0x00000000e461a668) 
thrown [s\open\src\hotspot\share\prims\jni.cpp, line 520]

VM Operations (20 events):
Event: 6.102 Executing VM operation: HandshakeAllThreads (Deoptimize)
Event: 6.102 Executing VM operation: HandshakeAllThreads (Deoptimize) done
Event: 6.166 Executing VM operation: HandshakeAllThreads (Deoptimize)
Event: 6.166 Executing VM operation: HandshakeAllThreads (Deoptimize) done
Event: 6.237 Executing VM operation: HandshakeAllThreads (Deoptimize)
Event: 6.237 Executing VM operation: HandshakeAllThreads (Deoptimize) done
Event: 6.240 Executing VM operation: HandshakeAllThreads (Deoptimize)
Event: 6.240 Executing VM operation: HandshakeAllThreads (Deoptimize) done
Event: 6.246 Executing VM operation: HandshakeAllThreads (Deoptimize)
Event: 6.246 Executing VM operation: HandshakeAllThreads (Deoptimize) done
Event: 6.358 Executing VM operation: CollectForMetadataAllocation (Metadata GC Threshold)
Event: 6.365 Executing VM operation: CollectForMetadataAllocation (Metadata GC Threshold) done
Event: 6.376 Executing VM operation: G1PauseRemark
Event: 6.380 Executing VM operation: G1PauseRemark done
Event: 6.382 Executing VM operation: G1PauseCleanup
Event: 6.382 Executing VM operation: G1PauseCleanup done
Event: 6.588 Executing VM operation: HandshakeAllThreads (Deoptimize)
Event: 6.588 Executing VM operation: HandshakeAllThreads (Deoptimize) done
Event: 7.710 Executing VM operation: HandshakeAllThreads (Deoptimize)
Event: 7.711 Executing VM operation: HandshakeAllThreads (Deoptimize) done

Memory protections (0 events):
No events

Nmethod flushes (0 events):
No events

Events (20 events):
Event: 1.010 Thread 0x00000213533486a0 Thread added: 0x0000021353348d70
Event: 1.013 Thread 0x000002135334b650 Thread added: 0x0000021353349440
Event: 1.068 Thread 0x000002135334b650 Thread added: 0x000002139a3cf150
Event: 1.068 Thread 0x000002135334b650 Thread added: 0x000002139a3ce3b0
Event: 1.069 Thread 0x000002135334b650 Thread added: 0x000002139a3cea80
Event: 1.845 Thread 0x000002139a3cea80 Thread exited: 0x000002139a3cea80
Event: 2.262 Thread 0x000002139a3ce3b0 Thread exited: 0x000002139a3ce3b0
Event: 2.262 Thread 0x000002139a3cf150 Thread exited: 0x000002139a3cf150
Event: 2.503 Thread 0x0000021353349440 Thread exited: 0x0000021353349440
Event: 3.269 Thread 0x0000021335528280 Thread added: 0x000002139ba3d9a0
Event: 5.474 Thread 0x0000021353348d70 Thread exited: 0x0000021353348d70
Event: 5.888 Thread 0x00000213533486a0 Thread exited: 0x00000213533486a0
Event: 6.265 Thread 0x00000213533403b0 Thread added: 0x000002139ba67490
Event: 6.265 Thread 0x000002135334a8b0 Thread added: 0x000002139ba68fd0
Event: 6.265 Thread 0x000002135334a8b0 Thread added: 0x000002139ba6b8b0
Event: 6.489 Thread 0x000002139ba6b8b0 Thread exited: 0x000002139ba6b8b0
Event: 6.813 Thread 0x0000021353347fd0 Thread added: 0x000002139ba6ab10
Event: 6.815 Thread 0x000002139ba68fd0 Thread added: 0x000002139ba696a0
Event: 6.816 Thread 0x000002139ba68fd0 Thread added: 0x000002139ba68230
Event: 6.819 Thread 0x000002139ba696a0 Thread added: 0x000002139ba6a440


Dynamic libraries:
0x00007ff6bdaa0000 - 0x00007ff6bdab0000 	C:\Program Files\Java\jdk-23\bin\java.exe
0x00007fffa0b60000 - 0x00007fffa0dc8000 	C:\WINDOWS\SYSTEM32\ntdll.dll
0x00007fffa0100000 - 0x00007fffa01c9000 	C:\WINDOWS\System32\KERNEL32.DLL
0x00007fff9e2d0000 - 0x00007fff9e6c8000 	C:\WINDOWS\System32\KERNELBASE.dll
0x00007fff9e180000 - 0x00007fff9e2cb000 	C:\WINDOWS\System32\ucrtbase.dll
0x00007fff8d450000 - 0x00007fff8d46b000 	C:\Program Files\Java\jdk-23\bin\VCRUNTIME140.dll
0x00007fff8d430000 - 0x00007fff8d447000 	C:\Program Files\Java\jdk-23\bin\jli.dll
0x00007fffa0490000 - 0x00007fffa0657000 	C:\WINDOWS\System32\USER32.dll
0x00007fff88e20000 - 0x00007fff890b4000 	C:\WINDOWS\WinSxS\amd64_microsoft.windows.common-controls_6595b64144ccf1df_6.0.26100.7019_none_3e06ffa0e335b8a8\COMCTL32.dll
0x00007fff9df50000 - 0x00007fff9df77000 	C:\WINDOWS\System32\win32u.dll
0x00007fff9fba0000 - 0x00007fff9fc49000 	C:\WINDOWS\System32\msvcrt.dll
0x00007fffa07c0000 - 0x00007fffa07eb000 	C:\WINDOWS\System32\GDI32.dll
0x00007fff9dcb0000 - 0x00007fff9dddc000 	C:\WINDOWS\System32\gdi32full.dll
0x00007fff9dde0000 - 0x00007fff9de83000 	C:\WINDOWS\System32\msvcp_win.dll
0x00007fff9fb50000 - 0x00007fff9fb81000 	C:\WINDOWS\System32\IMM32.DLL
0x00007fff9a5f0000 - 0x00007fff9a5fc000 	C:\Program Files\Java\jdk-23\bin\vcruntime140_1.dll
0x00007fff6a980000 - 0x00007fff6aa0e000 	C:\Program Files\Java\jdk-23\bin\msvcp140.dll
0x00007fff327b0000 - 0x00007fff33500000 	C:\Program Files\Java\jdk-23\bin\server\jvm.dll
0x00007fffa01d0000 - 0x00007fffa0284000 	C:\WINDOWS\System32\ADVAPI32.dll
0x00007fff9fc50000 - 0x00007fff9fcf6000 	C:\WINDOWS\System32\sechost.dll
0x00007fff9e950000 - 0x00007fff9ea68000 	C:\WINDOWS\System32\RPCRT4.dll
0x00007fff9f270000 - 0x00007fff9f2e4000 	C:\WINDOWS\System32\WS2_32.dll
0x00007fff9db10000 - 0x00007fff9db6e000 	C:\WINDOWS\SYSTEM32\POWRPROF.dll
0x00007fff8bb10000 - 0x00007fff8bb1b000 	C:\WINDOWS\SYSTEM32\VERSION.dll
0x00007fff938d0000 - 0x00007fff93905000 	C:\WINDOWS\SYSTEM32\WINMM.dll
0x00007fff9daf0000 - 0x00007fff9db04000 	C:\WINDOWS\SYSTEM32\UMPDC.dll
0x00007fff9ca70000 - 0x00007fff9ca8b000 	C:\WINDOWS\SYSTEM32\kernel.appcore.dll
0x00007fff8c390000 - 0x00007fff8c39a000 	C:\Program Files\Java\jdk-23\bin\jimage.dll
0x00007fff9b250000 - 0x00007fff9b492000 	C:\WINDOWS\SYSTEM32\DBGHELP.DLL
0x00007fff9fd00000 - 0x00007fffa008b000 	C:\WINDOWS\System32\combase.dll
0x00007fff9f310000 - 0x00007fff9f3e7000 	C:\WINDOWS\System32\OLEAUT32.dll
0x00007fff88d30000 - 0x00007fff88d6c000 	C:\WINDOWS\SYSTEM32\dbgcore.DLL
0x00007fff9e6d0000 - 0x00007fff9e775000 	C:\WINDOWS\System32\bcryptPrimitives.dll
0x00007fff8c370000 - 0x00007fff8c38e000 	C:\Program Files\Java\jdk-23\bin\java.dll
0x00007fffa07f0000 - 0x00007fffa0987000 	C:\WINDOWS\System32\ole32.dll
0x00007fff9f3f0000 - 0x00007fff9fb41000 	C:\WINDOWS\System32\SHELL32.dll
0x00007fff9df80000 - 0x00007fff9e0eb000 	C:\WINDOWS\System32\wintypes.dll
0x00007fff9b8d0000 - 0x00007fff9c12d000 	C:\WINDOWS\SYSTEM32\windows.storage.dll
0x00007fffa0290000 - 0x00007fffa0382000 	C:\WINDOWS\System32\SHCORE.dll
0x00007fffa0090000 - 0x00007fffa00f7000 	C:\WINDOWS\System32\shlwapi.dll
0x00007fff9dbd0000 - 0x00007fff9dbf9000 	C:\WINDOWS\SYSTEM32\profapi.dll
0x00007fff67390000 - 0x00007fff67467000 	C:\Program Files\Java\jdk-23\bin\jsvml.dll
0x00007fff8c190000 - 0x00007fff8c1a0000 	C:\Program Files\Java\jdk-23\bin\net.dll
0x00007fff9cfe0000 - 0x00007fff9d04b000 	C:\WINDOWS\system32\mswsock.dll
0x00007fff8c170000 - 0x00007fff8c186000 	C:\Program Files\Java\jdk-23\bin\nio.dll
0x00007fff7a340000 - 0x00007fff7a357000 	C:\Program Files\Java\jdk-23\bin\zip.dll
0x00007fff743b0000 - 0x00007fff743d4000 	C:\Program Files\Apache\maven\lib\jansi-native\Windows\x86_64\jansi.dll
0x00007fff87670000 - 0x00007fff87680000 	C:\Program Files\Java\jdk-23\bin\verify.dll

dbghelp: loaded successfully - version: 4.0.5 - missing functions: none
symbol engine: initialized successfully - sym options: 0x614 - pdb path: .;C:\Program Files\Java\jdk-23\bin;C:\WINDOWS\SYSTEM32;C:\WINDOWS\WinSxS\amd64_microsoft.windows.common-controls_6595b64144ccf1df_6.0.26100.7019_none_3e06ffa0e335b8a8;C:\Program Files\Java\jdk-23\bin\server;C:\Program Files\Apache\maven\lib\jansi-native\Windows\x86_64

VM Arguments:
jvm_args: -Xms128m -Xmx512m -Dclassworlds.conf=C:\Program Files\Apache\maven\bin\m2.conf -Dmaven.home=C:\Program Files\Apache\maven -Dlibrary.jansi.path=C:\Program Files\Apache\maven\lib\jansi-native -Dmaven.multiModuleProjectDirectory=C:\Users\LAKSHAY BINDAL\Desktop\Shodh-a-code\backend 
java_command: org.codehaus.plexus.classworlds.launcher.Launcher clean compile
java_class_path (initial): C:\Program Files\Apache\maven\boot\plexus-classworlds-2.9.0.jar
Launcher Type: SUN_STANDARD

[Global flags]
     intx CICompilerCount                          = 12                                        {product} {ergonomic}
     uint ConcGCThreads                            = 3                                         {product} {ergonomic}
     uint G1ConcRefinementThreads                  = 13                                        {product} {ergonomic}
   size_t G1HeapRegionSize                         = 1048576                                   {product} {ergonomic}
   size_t InitialHeapSize                          = 134217728                                 {product} {command line}
   size_t MarkStackSize                            = 4194304                                   {product} {ergonomic}
   size_t MarkStackSizeMax                         = 536870912                                 {product} {ergonomic}
   size_t MaxHeapSize                              = 536870912                                 {product} {command line}
   size_t MaxNewSize                               = 321912832                                 {product} {ergonomic}
   size_t MinHeapDeltaBytes                        = 1048576                                   {product} {ergonomic}
   size_t MinHeapSize                              = 134217728                                 {product} {command line}
    uintx NonNMethodCodeHeapSize                   = 7602176                                {pd product} {ergonomic}
    uintx NonProfiledCodeHeapSize                  = 122093568                              {pd product} {ergonomic}
    uintx ProfiledCodeHeapSize                     = 121962496                              {pd product} {ergonomic}
    uintx ReservedCodeCacheSize                    = 251658240                              {pd product} {ergonomic}
     bool SegmentedCodeCache                       = true                                      {product} {ergonomic}
   size_t SoftMaxHeapSize                          = 536870912                              {manageable} {ergonomic}
     bool UseCompressedOops                        = true                           {product lp64_product} {ergonomic}
     bool UseG1GC                                  = true                                      {product} {ergonomic}
     bool UseLargePagesIndividualAllocation        = false                                  {pd product} {ergonomic}

Logging:
Log output configuration:
 #0: stdout all=warning uptime,level,tags foldmultilines=false
 #1: stderr all=off uptime,level,tags foldmultilines=false

Environment Variables:
JAVA_HOME=C:\Program Files\Java\jdk-23
PATH=c:\Users\LAKSHAY BINDAL\AppData\Local\Programs\cursor\resources\app\bin;C:\Program Files\Common Files\Oracle\Java\javapath;C:\WINDOWS\system32;C:\WINDOWS;C:\WINDOWS\System32\Wbem;C:\WINDOWS\System32\WindowsPowerShell\v1.0\;C:\WINDOWS\System32\OpenSSH\;C:\MinGW\bin;C:\Program Files\Git\cmd;C:\Program Files\mongosh\mongosh-2.1.1-win32-x64\bin;C:\Program Files\MySQL\MySQL Server 8.0\bin;C:\Program Files\Docker\Docker\resources\bin;C:\Program Files\nodejs\;C:\Program Files\Java\jdk-23;C:\Program Files\Go\bin;C:\Users\LAKSHAY BINDAL\AppData\Local\Programs\Python\Python312\Scripts\;C:\Users\LAKSHAY BINDAL\AppData\Local\Programs\Python\Python312\;C:\Users\LAKSHAY BINDAL\AppData\Local\Microsoft\WindowsApps;C:\Users\LAKSHAY BINDAL\AppData\Local\Programs\Hyper\resources\bin;C:\Program Files\mongosh\;C:\Program Files\heroku\bin;C:\Users\LAKSHAY BINDAL\AppData\Local\Microsoft\WindowsApps;C:\Users\LAKSHAY BINDAL\AppData\Roaming\npm;C:\Users\LAKSHAY BINDAL\AppData\Local\Programs;C:\Program Files\cursor\resources\app\bin;C:\Program Files\Apache\maven\bin;C:\Users\LAKSHAY BINDAL\AppData\Local\Programs\Python\Python312\Scripts\;C:\Users\LAKSHAY BINDAL\AppData\Local\Programs\Python\Python312\;C:\Users\LAKSHAY BINDAL\AppData\Local\Microsoft\WindowsApps;C:\Users\LAKSHAY BINDAL\AppData\Local\Programs\Microsoft VS Code\bin;C:\Users\LAKSHAY BINDAL\AppData\Local\Programs\Hyper\resources\bin;C:\Program Files\mongosh\;C:\Program Files\heroku\bin;C:\Users\LAKSHAY BINDAL\AppData\Local\Microsoft\WindowsApps;C:\Users\LAKSHAY BINDAL\AppData\Roaming\npm;C:\Users\LAKSHAY BINDAL\AppData\Local\Programs\cursor\resources\app\bin;C:\Users\LAKSHAY BINDAL\go\bin;C:\Program Files\Apache\maven\bin;C:\Program Files\Java\jdk-23\bin;
USERNAME=LAKSHAY BINDAL
TERM=dumb
OS=Windows_NT
PROCESSOR_IDENTIFIER=Intel64 Family 6 Model 154 Stepping 3, GenuineIntel
TMP=C:\Users\LAKSHA~1\AppData\Local\Temp
TEMP=C:\Users\LAKSHA~1\AppData\Local\Temp




Periodic native trim disabled

---------------  S Y S T E M  ---------------

OS:
 Windows 11 , 64 bit Build 26100 (10.0.26100.7019)
OS uptime: 0 days 13:28 hours
Hyper-V role detected

CPU: total 16 (initial active 16) (8 cores per cpu, 2 threads per core) family 6 model 154 stepping 3 microcode 0x432, cx8, cmov, fxsr, ht, mmx, 3dnowpref, sse, sse2, sse3, ssse3, sse4.1, sse4.2, popcnt, lzcnt, tsc, tscinvbit, avx, avx2, aes, erms, clmul, bmi1, bmi2, adx, sha, fma, vzeroupper, clflush, clflushopt, clwb, hv, serialize, rdtscp, rdpid, fsrm, gfni, f16c, cet_ibt, cet_ss
Processor Information for processor 0
  Max Mhz: 2500, Current Mhz: 2500, Mhz Limit: 2500
Processor Information for processor 1
  Max Mhz: 2500, Current Mhz: 2500, Mhz Limit: 2500
Processor Information for processor 2
  Max Mhz: 2500, Current Mhz: 2500, Mhz Limit: 2500
Processor Information for processor 3
  Max Mhz: 2500, Current Mhz: 2500, Mhz Limit: 2500
Processor Information for processor 4
  Max Mhz: 2500, Current Mhz: 2500, Mhz Limit: 2500
Processor Information for processor 5
  Max Mhz: 2500, Current Mhz: 1532, Mhz Limit: 2500
Processor Information for processor 6
  Max Mhz: 2500, Current Mhz: 2500, Mhz Limit: 2500
Processor Information for processor 7
  Max Mhz: 2500, Current Mhz: 2500, Mhz Limit: 2500
Processor Information for processor 8
  Max Mhz: 2500, Current Mhz: 1500, Mhz Limit: 1800
Processor Information for processor 9
  Max Mhz: 2500, Current Mhz: 1800, Mhz Limit: 1800
Processor Information for processor 10
  Max Mhz: 2500, Current Mhz: 1800, Mhz Limit: 1800
Processor Information for processor 11
  Max Mhz: 2500, Current Mhz: 1500, Mhz Limit: 1800
Processor Information for processor 12
  Max Mhz: 2500, Current Mhz: 1800, Mhz Limit: 1800
Processor Information for processor 13
  Max Mhz: 2500, Current Mhz: 1500, Mhz Limit: 1800
Processor Information for processor 14
  Max Mhz: 2500, Current Mhz: 1800, Mhz Limit: 1800
Processor Information for processor 15
  Max Mhz: 2500, Current Mhz: 1800, Mhz Limit: 1800

Memory: 4k page, system-wide physical 16004M (2018M free)
TotalPageFile size 19987M (AvailPageFile size 86M)
current process WorkingSet (physical memory assigned to process): 252M, peak: 254M
current process commit charge ("private bytes"): 340M, peak: 343M

vm_info: Java HotSpot(TM) 64-Bit Server VM (23.0.2+7-58) for windows-amd64 JRE (23.0.2+7-58), built on 2024-11-29T09:34:55Z with MS VC++ 17.6 (VS2022)

END.
