#
# There is insufficient memory for the Java Runtime Environment to continue.
# Native memory allocation (mmap) failed to map 264241152 bytes. Error detail: G1 virtual space
# Possible reasons:
#   The system is out of physical RAM or swap space
#   This process is running with CompressedOops enabled, and the Java Heap may be blocking the growth of the native heap
# Possible solutions:
#   Reduce memory load on the system
#   Increase physical memory or swap space
#   Check if swap backing store is full
#   Decrease Java heap size (-Xmx/-Xms)
#   Decrease number of Java threads
#   Decrease Java thread stack sizes (-Xss)
#   Set larger code cache with -XX:ReservedCodeCacheSize=
#   JVM is running with Zero Based Compressed Oops mode in which the Java heap is
#     placed in the first 32GB address space. The Java Heap base address is the
#     maximum limit for the native heap growth. Please use -XX:HeapBaseMinAddress
#     to set the Java Heap base and to place the Java Heap above 32GB virtual address.
# This output file may be truncated or incomplete.
#
#  Out of Memory Error (os_windows.cpp:3707), pid=14892, tid=10796
#
# JRE version:  (23.0.2+7) (build )
# Java VM: Java HotSpot(TM) 64-Bit Server VM (23.0.2+7-58, mixed mode, sharing, tiered, compressed oops, compressed class ptrs, g1 gc, windows-amd64)
# No core dump will be written. Minidumps are not enabled by default on client versions of Windows
#

---------------  S U M M A R Y ------------

Command Line: --enable-native-access=ALL-UNNAMED 

Host: 12th Gen Intel(R) Core(TM) i5-12500H, 16 cores, 15G,  Windows 11 , 64 bit Build 26100 (10.0.26100.7019)
Time: Thu Oct 30 14:49:12 2025 India Standard Time elapsed time: 0.022161 seconds (0d 0h 0m 0s)

---------------  T H R E A D  ---------------

Current thread (0x000001b6419170e0):  JavaThread "Unknown thread" [_thread_in_vm, id=10796, stack(0x000000795eb00000,0x000000795ec00000) (1024K)]

Stack: [0x000000795eb00000,0x000000795ec00000]
Native frames: (J=compiled Java code, j=interpreted, Vv=VM code, C=native code)
V  [jvm.dll+0x6e0b99]  (no source info available)
V  [jvm.dll+0x87e2b3]  (no source info available)
V  [jvm.dll+0x88073e]  (no source info available)
V  [jvm.dll+0x880e13]  (no source info available)
V  [jvm.dll+0x27b006]  (no source info available)
V  [jvm.dll+0x6dd485]  (no source info available)
V  [jvm.dll+0x6d127a]  (no source info available)
V  [jvm.dll+0x35b50a]  (no source info available)
V  [jvm.dll+0x363916]  (no source info available)
V  [jvm.dll+0x34fe7e]  (no source info available)
V  [jvm.dll+0x350118]  (no source info available)
V  [jvm.dll+0x328aec]  (no source info available)
V  [jvm.dll+0x32978e]  (no source info available)
V  [jvm.dll+0x8449a5]  (no source info available)
V  [jvm.dll+0x3b9a08]  (no source info available)
V  [jvm.dll+0x82d68c]  (no source info available)
V  [jvm.dll+0x454f2e]  (no source info available)
V  [jvm.dll+0x456db1]  (no source info available)
C  [jli.dll+0x52a3]  (no source info available)
C  [ucrtbase.dll+0x37b0]  (no source info available)
C  [KERNEL32.DLL+0x2e8d7]  (no source info available)
C  [ntdll.dll+0x8c53c]  (no source info available)

Lock stack of current Java thread (top to bottom):


---------------  P R O C E S S  ---------------

Threads class SMR info:
_java_thread_list=0x00007fff333a4618, length=0, elements={
}

Java Threads: ( => current thread )
Total: 0

Other Threads:
  0x000001b643cc5480 WorkerThread "GC Thread#0"                     [id=26204, stack(0x000000795ec00000,0x000000795ed00000) (1024K)]
  0x000001b643cd9d60 ConcurrentGCThread "G1 Main Marker"            [id=23912, stack(0x000000795ed00000,0x000000795ee00000) (1024K)]
  0x000001b643cdb790 WorkerThread "G1 Conc#0"                       [id=25684, stack(0x000000795ee00000,0x000000795ef00000) (1024K)]

[error occurred during error reporting (printing all threads), id 0xc0000005, EXCEPTION_ACCESS_VIOLATION (0xc0000005) at pc=0x00007fff32aec0da]
VM state: not at safepoint (not fully initialized)

VM Mutex/Monitor currently owned by a thread:  ([mutex/lock_event])
[0x00007fff33424988] Heap_lock - owner thread: 0x000001b6419170e0

Heap address: 0x0000000705e00000, size: 4002 MB, Compressed Oops mode: Zero based, Oop shift amount: 3

CDS archive(s) mapped at: [0x0000000000000000-0x0000000000000000-0x0000000000000000), size 0, SharedBaseAddress: 0x0000000800000000, ArchiveRelocationMode: 1.
Narrow klass base: 0x0000000000000000, Narrow klass shift: 0, Narrow klass range: 0x0

GC Precious Log:
 CardTable entry size: 512
 Card Set container configuration: InlinePtr #cards 4 size 8 Array Of Cards #cards 16 size 48 Howl #buckets 8 coarsen threshold 3686 Howl Bitmap #cards 512 size 80 coarsen threshold 460 Card regions per heap region 1 cards per card region 4096

Heap:
 garbage-first heap   total reserved 4098048K, committed 0K, used 0K [0x0000000705e00000, 0x0000000800000000)
  region size 2048K, 0 young (0K), 0 survivors (0K)

[error occurred during error reporting (printing heap information), id 0xc0000005, EXCEPTION_ACCESS_VIOLATION (0xc0000005) at pc=0x00007fff32eec6a9]
GC Heap History (0 events):
No events

Dll operation events (1 events):
Event: 0.015 Loaded shared library C:\Program Files\Java\jdk-23\bin\java.dll

Deoptimization events (0 events):
No events

Classes loaded (0 events):
No events

Classes unloaded (0 events):
No events

Classes redefined (0 events):
No events

Internal exceptions (0 events):
No events

VM Operations (0 events):
No events

Memory protections (0 events):
No events

Nmethod flushes (0 events):
No events

Events (0 events):
No events


Dynamic libraries:
0x00007ff6bdaa0000 - 0x00007ff6bdab0000 	C:\Program Files\Java\jdk-23\bin\java.exe
0x00007fffa0b60000 - 0x00007fffa0dc8000 	C:\WINDOWS\SYSTEM32\ntdll.dll
0x00007fffa0100000 - 0x00007fffa01c9000 	C:\WINDOWS\System32\KERNEL32.DLL
0x00007fff9e2d0000 - 0x00007fff9e6c8000 	C:\WINDOWS\System32\KERNELBASE.dll
0x00007fff9e180000 - 0x00007fff9e2cb000 	C:\WINDOWS\System32\ucrtbase.dll
0x00007fff8d430000 - 0x00007fff8d447000 	C:\Program Files\Java\jdk-23\bin\jli.dll
0x00007fff8d450000 - 0x00007fff8d46b000 	C:\Program Files\Java\jdk-23\bin\VCRUNTIME140.dll
0x00007fffa0490000 - 0x00007fffa0657000 	C:\WINDOWS\System32\USER32.dll
0x00007fff88e20000 - 0x00007fff890b4000 	C:\WINDOWS\WinSxS\amd64_microsoft.windows.common-controls_6595b64144ccf1df_6.0.26100.7019_none_3e06ffa0e335b8a8\COMCTL32.dll
0x00007fff9df50000 - 0x00007fff9df77000 	C:\WINDOWS\System32\win32u.dll
0x00007fff9fba0000 - 0x00007fff9fc49000 	C:\WINDOWS\System32\msvcrt.dll
0x00007fffa07c0000 - 0x00007fffa07eb000 	C:\WINDOWS\System32\GDI32.dll
0x00007fff9dcb0000 - 0x00007fff9dddc000 	C:\WINDOWS\System32\gdi32full.dll
0x00007fff9dde0000 - 0x00007fff9de83000 	C:\WINDOWS\System32\msvcp_win.dll
0x00007fff9fb50000 - 0x00007fff9fb81000 	C:\WINDOWS\System32\IMM32.DLL
0x00007fff9a5f0000 - 0x00007fff9a5fc000 	C:\Program Files\Java\jdk-23\bin\vcruntime140_1.dll
0x00007fff6a980000 - 0x00007fff6aa0e000 	C:\Program Files\Java\jdk-23\bin\msvcp140.dll
0x00007fff327b0000 - 0x00007fff33500000 	C:\Program Files\Java\jdk-23\bin\server\jvm.dll
0x00007fffa01d0000 - 0x00007fffa0284000 	C:\WINDOWS\System32\ADVAPI32.dll
0x00007fff9fc50000 - 0x00007fff9fcf6000 	C:\WINDOWS\System32\sechost.dll
0x00007fff9e950000 - 0x00007fff9ea68000 	C:\WINDOWS\System32\RPCRT4.dll
0x00007fff9f270000 - 0x00007fff9f2e4000 	C:\WINDOWS\System32\WS2_32.dll
0x00007fff8bb10000 - 0x00007fff8bb1b000 	C:\WINDOWS\SYSTEM32\VERSION.dll
0x00007fff9db10000 - 0x00007fff9db6e000 	C:\WINDOWS\SYSTEM32\POWRPROF.dll
0x00007fff938d0000 - 0x00007fff93905000 	C:\WINDOWS\SYSTEM32\WINMM.dll
0x00007fff9daf0000 - 0x00007fff9db04000 	C:\WINDOWS\SYSTEM32\UMPDC.dll
0x00007fff9ca70000 - 0x00007fff9ca8b000 	C:\WINDOWS\SYSTEM32\kernel.appcore.dll
0x00007fff8c390000 - 0x00007fff8c39a000 	C:\Program Files\Java\jdk-23\bin\jimage.dll
0x00007fff9b250000 - 0x00007fff9b492000 	C:\WINDOWS\SYSTEM32\DBGHELP.DLL
0x00007fff9fd00000 - 0x00007fffa008b000 	C:\WINDOWS\System32\combase.dll
0x00007fff9f310000 - 0x00007fff9f3e7000 	C:\WINDOWS\System32\OLEAUT32.dll
0x00007fff88d30000 - 0x00007fff88d6c000 	C:\WINDOWS\SYSTEM32\dbgcore.DLL
0x00007fff9e6d0000 - 0x00007fff9e775000 	C:\WINDOWS\System32\bcryptPrimitives.dll
0x00007fff8c370000 - 0x00007fff8c38e000 	C:\Program Files\Java\jdk-23\bin\java.dll
0x00007fffa07f0000 - 0x00007fffa0987000 	C:\WINDOWS\System32\ole32.dll
0x00007fff9f3f0000 - 0x00007fff9fb41000 	C:\WINDOWS\System32\SHELL32.dll
0x00007fff9df80000 - 0x00007fff9e0eb000 	C:\WINDOWS\System32\wintypes.dll

dbghelp: loaded successfully - version: 4.0.5 - missing functions: none
symbol engine: initialized successfully - sym options: 0x614 - pdb path: .;C:\Program Files\Java\jdk-23\bin;C:\WINDOWS\SYSTEM32;C:\WINDOWS\WinSxS\amd64_microsoft.windows.common-controls_6595b64144ccf1df_6.0.26100.7019_none_3e06ffa0e335b8a8;C:\Program Files\Java\jdk-23\bin\server

VM Arguments:
jvm_args: --enable-native-access=ALL-UNNAMED 
java_command: <unknown>
java_class_path (initial): <not set>
Launcher Type: SUN_STANDARD

[Global flags]
     intx CICompilerCount                          = 12                                        {product} {ergonomic}
     uint ConcGCThreads                            = 3                                         {product} {ergonomic}
     uint G1ConcRefinementThreads                  = 13                                        {product} {ergonomic}
   size_t G1HeapRegionSize                         = 2097152                                   {product} {ergonomic}
   size_t InitialHeapSize                          = 264241152                                 {product} {ergonomic}
   size_t MarkStackSize                            = 4194304                                   {product} {ergonomic}
   size_t MarkStackSizeMax                         = 536870912                                 {product} {ergonomic}
   size_t MaxHeapSize                              = 4196401152                                {product} {ergonomic}
   size_t MinHeapDeltaBytes                        = 2097152                                   {product} {ergonomic}
   size_t MinHeapSize                              = 8388608                                   {product} {ergonomic}
    uintx NonNMethodCodeHeapSize                   = 7602176                                {pd product} {ergonomic}
    uintx NonProfiledCodeHeapSize                  = 122093568                              {pd product} {ergonomic}
    uintx ProfiledCodeHeapSize                     = 121962496                              {pd product} {ergonomic}
    uintx ReservedCodeCacheSize                    = 251658240                              {pd product} {ergonomic}
     bool SegmentedCodeCache                       = true                                      {product} {ergonomic}
   size_t SoftMaxHeapSize                          = 4196401152                             {manageable} {ergonomic}
     bool UseCompressedOops                        = true                           {product lp64_product} {ergonomic}
     bool UseG1GC                                  = true                                      {product} {ergonomic}
     bool UseLargePagesIndividualAllocation        = false                                  {pd product} {ergonomic}

Logging:
Log output configuration:
 #0: stdout all=warning uptime,level,tags foldmultilines=false
 #1: stderr all=off uptime,level,tags foldmultilines=false

Environment Variables:
JAVA_HOME=C:\Program Files\Java\jdk-23
PATH=c:\Users\LAKSHAY BINDAL\AppData\Local\Programs\cursor\resources\app\bin;C:\Program Files\Common Files\Oracle\Java\javapath;C:\WINDOWS\system32;C:\WINDOWS;C:\WINDOWS\System32\Wbem;C:\WINDOWS\System32\WindowsPowerShell\v1.0\;C:\WINDOWS\System32\OpenSSH\;C:\MinGW\bin;C:\Program Files\Git\cmd;C:\Program Files\mongosh\mongosh-2.1.1-win32-x64\bin;C:\Program Files\MySQL\MySQL Server 8.0\bin;C:\Program Files\Docker\Docker\resources\bin;C:\Program Files\nodejs\;C:\Program Files\Java\jdk-23;C:\Program Files\Go\bin;C:\Users\LAKSHAY BINDAL\AppData\Local\Programs\Python\Python312\Scripts\;C:\Users\LAKSHAY BINDAL\AppData\Local\Programs\Python\Python312\;C:\Users\LAKSHAY BINDAL\AppData\Local\Microsoft\WindowsApps;C:\Users\LAKSHAY BINDAL\AppData\Local\Programs\Hyper\resources\bin;C:\Program Files\mongosh\;C:\Program Files\heroku\bin;C:\Users\LAKSHAY BINDAL\AppData\Local\Microsoft\WindowsApps;C:\Users\LAKSHAY BINDAL\AppData\Roaming\npm;C:\Users\LAKSHAY BINDAL\AppData\Local\Programs;C:\Program Files\cursor\resources\app\bin;C:\Program Files\Apache\maven\bin;C:\Users\LAKSHAY BINDAL\AppData\Local\Programs\Python\Python312\Scripts\;C:\Users\LAKSHAY BINDAL\AppData\Local\Programs\Python\Python312\;C:\Users\LAKSHAY BINDAL\AppData\Local\Microsoft\WindowsApps;C:\Users\LAKSHAY BINDAL\AppData\Local\Programs\Microsoft VS Code\bin;C:\Users\LAKSHAY BINDAL\AppData\Local\Programs\Hyper\resources\bin;C:\Program Files\mongosh\;C:\Program Files\heroku\bin;C:\Users\LAKSHAY BINDAL\AppData\Local\Microsoft\WindowsApps;C:\Users\LAKSHAY BINDAL\AppData\Roaming\npm;C:\Users\LAKSHAY BINDAL\AppData\Local\Programs\cursor\resources\app\bin;C:\Users\LAKSHAY BINDAL\go\bin;C:\Program Files\Apache\maven\bin;C:\Program Files\Java\jdk-23\bin;
USERNAME=LAKSHAY BINDAL
TERM=dumb
OS=Windows_NT
PROCESSOR_IDENTIFIER=Intel64 Family 6 Model 154 Stepping 3, GenuineIntel
TMP=C:\Users\LAKSHA~1\AppData\Local\Temp
TEMP=C:\Users\LAKSHA~1\AppData\Local\Temp




Periodic native trim disabled

---------------  S Y S T E M  ---------------

OS:
 Windows 11 , 64 bit Build 26100 (10.0.26100.7019)
OS uptime: 0 days 13:28 hours
Hyper-V role detected

CPU: total 16 (initial active 16) (8 cores per cpu, 2 threads per core) family 6 model 154 stepping 3 microcode 0x432, cx8, cmov, fxsr, ht, mmx, 3dnowpref, sse, sse2, sse3, ssse3, sse4.1, sse4.2, popcnt, lzcnt, tsc, tscinvbit, avx, avx2, aes, erms, clmul, bmi1, bmi2, adx, sha, fma, vzeroupper, clflush, clflushopt, clwb, hv, serialize, rdtscp, rdpid, fsrm, gfni, f16c, cet_ibt, cet_ss
Processor Information for processor 0
  Max Mhz: 2500, Current Mhz: 2500, Mhz Limit: 2500
Processor Information for processor 1
  Max Mhz: 2500, Current Mhz: 2500, Mhz Limit: 2500
Processor Information for processor 2
  Max Mhz: 2500, Current Mhz: 2500, Mhz Limit: 2500
Processor Information for processor 3
  Max Mhz: 2500, Current Mhz: 2500, Mhz Limit: 2500
Processor Information for processor 4
  Max Mhz: 2500, Current Mhz: 2500, Mhz Limit: 2500
Processor Information for processor 5
  Max Mhz: 2500, Current Mhz: 2500, Mhz Limit: 2500
Processor Information for processor 6
  Max Mhz: 2500, Current Mhz: 2500, Mhz Limit: 2500
Processor Information for processor 7
  Max Mhz: 2500, Current Mhz: 2500, Mhz Limit: 2500
Processor Information for processor 8
  Max Mhz: 2500, Current Mhz: 1500, Mhz Limit: 1800
Processor Information for processor 9
  Max Mhz: 2500, Current Mhz: 1800, Mhz Limit: 1800
Processor Information for processor 10
  Max Mhz: 2500, Current Mhz: 1500, Mhz Limit: 1800
Processor Information for processor 11
  Max Mhz: 2500, Current Mhz: 1800, Mhz Limit: 1800
Processor Information for processor 12
  Max Mhz: 2500, Current Mhz: 1800, Mhz Limit: 1800
Processor Information for processor 13
  Max Mhz: 2500, Current Mhz: 1800, Mhz Limit: 1800
Processor Information for processor 14
  Max Mhz: 2500, Current Mhz: 1800, Mhz Limit: 1800
Processor Information for processor 15
  Max Mhz: 2500, Current Mhz: 1800, Mhz Limit: 1800

Memory: 4k page, system-wide physical 16004M (2133M free)
TotalPageFile size 19987M (AvailPageFile size 261M)
current process WorkingSet (physical memory assigned to process): 13M, peak: 13M
current process commit charge ("private bytes"): 71M, peak: 323M

vm_info: Java HotSpot(TM) 64-Bit Server VM (23.0.2+7-58) for windows-amd64 JRE (23.0.2+7-58), built on 2024-11-29T09:34:55Z with MS VC++ 17.6 (VS2022)

END.
